<?xml version="1.0" encoding="utf-8"?><testsuites name="pytest tests"><testsuite name="pytest" errors="0" failures="0" skipped="0" tests="8" time="3.396" timestamp="2026-04-02T15:34:22.691667+00:00" hostname="agent-env-7c54b208-55bb-4974-8c28-5b64fcf55cc4"><testcase classname="backend.tests.test_admin_payments.TestAdminPaymentEndpoints" name="test_01_admin_login" time="0.449" /><testcase classname="backend.tests.test_admin_payments.TestAdminPaymentEndpoints" name="test_02_get_driver_wallets" time="0.411" /><testcase classname="backend.tests.test_admin_payments.TestAdminPaymentEndpoints" name="test_03_get_driver_wallets_unauthorized" time="0.124" /><testcase classname="backend.tests.test_admin_payments.TestAdminPaymentEndpoints" name="test_04_get_payment_history" time="0.394" /><testcase classname="backend.tests.test_admin_payments.TestAdminPaymentEndpoints" name="test_05_pay_driver_invalid_amount" time="0.503" /><testcase classname="backend.tests.test_admin_payments.TestAdminPaymentEndpoints" name="test_06_pay_driver_exceeds_balance" time="0.448" /><testcase classname="backend.tests.test_admin_payments.TestAdminPaymentEndpoints" name="test_07_pay_driver_success" time="0.566" /><testcase classname="backend.tests.test_admin_payments.TestAdminPaymentEndpoints" name="test_08_pay_nonexistent_driver" time="0.411" /></testsuite></testsuites>