<?xml version="1.0" encoding="utf-8"?><testsuites name="pytest tests"><testsuite name="pytest" errors="0" failures="0" skipped="0" tests="9" time="1.949" timestamp="2026-04-02T12:59:37.511566+00:00" hostname="agent-env-7c54b208-55bb-4974-8c28-5b64fcf55cc4"><testcase classname="tests.test_contact.TestContactAPI" name="test_health_check" time="0.299" /><testcase classname="tests.test_contact.TestContactAPI" name="test_contact_submit_success" time="0.122" /><testcase classname="tests.test_contact.TestContactAPI" name="test_contact_submit_all_subjects" time="0.719" /><testcase classname="tests.test_contact.TestContactAPI" name="test_contact_missing_name" time="0.160" /><testcase classname="tests.test_contact.TestContactAPI" name="test_contact_missing_email" time="0.098" /><testcase classname="tests.test_contact.TestContactAPI" name="test_contact_invalid_email" time="0.107" /><testcase classname="tests.test_contact.TestContactAPI" name="test_contact_missing_subject" time="0.100" /><testcase classname="tests.test_contact.TestContactAPI" name="test_contact_missing_message" time="0.103" /><testcase classname="tests.test_contact.TestContactAPI" name="test_contact_empty_payload" time="0.171" /></testsuite></testsuites>