<?xml version="1.0" encoding="utf-8"?><testsuites name="pytest tests"><testsuite name="pytest" errors="0" failures="0" skipped="0" tests="8" time="3.163" timestamp="2026-04-02T16:08:01.575637+00:00" hostname="agent-env-7c54b208-55bb-4974-8c28-5b64fcf55cc4"><testcase classname="backend.tests.test_gps_maps.TestGPSLocationEndpoint" name="test_passenger_can_update_location" time="0.856" /><testcase classname="backend.tests.test_gps_maps.TestGPSLocationEndpoint" name="test_driver_can_update_location" time="0.602" /><testcase classname="backend.tests.test_gps_maps.TestGPSLocationEndpoint" name="test_location_update_requires_auth" time="0.119" /><testcase classname="backend.tests.test_gps_maps.TestGPSLocationEndpoint" name="test_location_update_with_invalid_token" time="0.105" /><testcase classname="backend.tests.test_gps_maps.TestRideEstimateEndpoint" name="test_car_ride_estimate" time="0.110" /><testcase classname="backend.tests.test_gps_maps.TestRideEstimateEndpoint" name="test_moto_ride_estimate" time="0.136" /><testcase classname="backend.tests.test_gps_maps.TestActiveRideWithDriverLocation" name="test_active_ride_returns_driver_info" time="1.007" /><testcase classname="backend.tests.test_gps_maps.TestHealthCheck" name="test_api_health" time="0.114" /></testsuite></testsuites>