<?xml version="1.0" encoding="utf-8"?><testsuites name="pytest tests"><testsuite name="pytest" errors="0" failures="0" skipped="0" tests="6" time="4.280" timestamp="2026-04-02T18:03:41.554068+00:00" hostname="agent-env-7c54b208-55bb-4974-8c28-5b64fcf55cc4"><testcase classname="backend.tests.test_notification_sounds.TestSoundFileAccessibility" name="test_ride_alert_wav_accessible" time="0.145" /><testcase classname="backend.tests.test_notification_sounds.TestSoundFileAccessibility" name="test_passenger_alert_wav_accessible" time="0.112" /><testcase classname="backend.tests.test_notification_sounds.TestRideCreationForNotifications" name="test_create_ride_returns_pending_status" time="0.588" /><testcase classname="backend.tests.test_notification_sounds.TestRideCreationForNotifications" name="test_pending_rides_visible_to_driver" time="0.960" /><testcase classname="backend.tests.test_notification_sounds.TestRideAcceptance" name="test_driver_can_accept_ride" time="1.160" /><testcase classname="backend.tests.test_notification_sounds.TestRideAcceptance" name="test_accept_clears_pending_rides" time="1.240" /></testsuite></testsuites>