<?xml version="1.0" encoding="utf-8"?><testsuites name="pytest tests"><testsuite name="pytest" errors="0" failures="0" skipped="0" tests="8" time="6.786" timestamp="2026-04-02T17:28:24.551346+00:00" hostname="agent-env-7c54b208-55bb-4974-8c28-5b64fcf55cc4"><testcase classname="backend.tests.test_password_change.TestPasswordChangeBackend" name="test_passenger_wrong_current_password_rejected" time="0.766" /><testcase classname="backend.tests.test_password_change.TestPasswordChangeBackend" name="test_passenger_password_too_short_rejected" time="0.637" /><testcase classname="backend.tests.test_password_change.TestPasswordChangeBackend" name="test_passenger_password_change_success" time="1.711" /><testcase classname="backend.tests.test_password_change.TestPasswordChangeBackend" name="test_driver_wrong_current_password_rejected" time="0.681" /><testcase classname="backend.tests.test_password_change.TestPasswordChangeBackend" name="test_driver_password_too_short_rejected" time="0.641" /><testcase classname="backend.tests.test_password_change.TestPasswordChangeBackend" name="test_driver_password_change_success" time="1.741" /><testcase classname="backend.tests.test_password_change.TestPasswordChangeBackend" name="test_password_change_requires_auth" time="0.171" /><testcase classname="backend.tests.test_password_change.TestPasswordChangeBackend" name="test_password_change_invalid_token" time="0.146" /></testsuite></testsuites>