<?xml version="1.0" encoding="utf-8"?><testsuites name="pytest tests"><testsuite name="pytest" errors="0" failures="0" skipped="0" tests="18" time="4.084" timestamp="2026-03-01T19:09:53.624113+00:00" hostname="agent-env-a1164966-e8a7-4bc7-923b-4d320d27d64c"><testcase classname="backend.tests.test_groupe_bt_api.TestHealth" name="test_api_root" time="0.248" /><testcase classname="backend.tests.test_groupe_bt_api.TestProducts" name="test_get_all_products" time="0.129" /><testcase classname="backend.tests.test_groupe_bt_api.TestProducts" name="test_get_products_by_category" time="0.142" /><testcase classname="backend.tests.test_groupe_bt_api.TestProducts" name="test_get_promotion_products" time="0.127" /><testcase classname="backend.tests.test_groupe_bt_api.TestProducts" name="test_get_single_product" time="0.239" /><testcase classname="backend.tests.test_groupe_bt_api.TestProducts" name="test_get_nonexistent_product" time="0.114" /><testcase classname="backend.tests.test_groupe_bt_api.TestOrders" name="test_get_all_orders" time="0.110" /><testcase classname="backend.tests.test_groupe_bt_api.TestOrders" name="test_create_order_cash" time="0.359" /><testcase classname="backend.tests.test_groupe_bt_api.TestOrders" name="test_create_order_orange_money" time="0.248" /><testcase classname="backend.tests.test_groupe_bt_api.TestOrders" name="test_create_order_wave" time="0.231" /><testcase classname="backend.tests.test_groupe_bt_api.TestMobilePayments" name="test_init_orange_money_payment" time="0.356" /><testcase classname="backend.tests.test_groupe_bt_api.TestMobilePayments" name="test_init_wave_payment" time="0.335" /><testcase classname="backend.tests.test_groupe_bt_api.TestMobilePayments" name="test_simulate_payment" time="0.366" /><testcase classname="backend.tests.test_groupe_bt_api.TestMobilePayments" name="test_get_payment_status" time="0.386" /><testcase classname="backend.tests.test_groupe_bt_api.TestContacts" name="test_create_contact" time="0.131" /><testcase classname="backend.tests.test_groupe_bt_api.TestContacts" name="test_get_all_contacts" time="0.140" /><testcase classname="backend.tests.test_groupe_bt_api.TestContacts" name="test_get_unread_contacts" time="0.112" /><testcase classname="backend.tests.test_groupe_bt_api.TestDashboardStats" name="test_get_dashboard_stats" time="0.114" /></testsuite></testsuites>