<?xml version="1.0" encoding="utf-8"?><testsuites name="pytest tests"><testsuite name="pytest" errors="0" failures="0" skipped="0" tests="11" time="1.758" timestamp="2026-04-02T13:34:25.982906+00:00" hostname="agent-env-7c54b208-55bb-4974-8c28-5b64fcf55cc4"><testcase classname="backend.tests.test_ride_booking.TestRideBookingFlow" name="test_health_check" time="0.195" /><testcase classname="backend.tests.test_ride_booking.TestRideBookingFlow" name="test_ride_estimate" time="0.337" /><testcase classname="backend.tests.test_ride_booking.TestRideBookingFlow" name="test_ride_estimate_moto" time="0.048" /><testcase classname="backend.tests.test_ride_booking.TestRideBookingFlow" name="test_create_ride" time="0.104" /><testcase classname="backend.tests.test_ride_booking.TestRideBookingFlow" name="test_get_active_ride_pending" time="0.051" /><testcase classname="backend.tests.test_ride_booking.TestRideBookingFlow" name="test_cancel_ride" time="0.111" /><testcase classname="backend.tests.test_ride_booking.TestRideBookingFlow" name="test_no_active_ride_after_cancel" time="0.047" /><testcase classname="backend.tests.test_ride_booking.TestRideBookingFlow" name="test_can_book_new_ride_after_cancel" time="0.100" /><testcase classname="backend.tests.test_ride_booking.TestRideBookingFlow" name="test_ride_history" time="0.047" /><testcase classname="backend.tests.test_ride_booking.TestRideValidation" name="test_cannot_create_duplicate_active_ride" time="0.493" /><testcase classname="backend.tests.test_ride_booking.TestRideValidation" name="test_invalid_status_update" time="0.157" /></testsuite></testsuites>