<?xml version="1.0" encoding="utf-8"?><testsuites name="pytest tests"><testsuite name="pytest" errors="0" failures="0" skipped="0" tests="5" time="11.229" timestamp="2026-04-02T14:41:21.553725+00:00" hostname="agent-env-7c54b208-55bb-4974-8c28-5b64fcf55cc4"><testcase classname="backend.tests.test_ride_flow.TestFullRideFlow" name="test_full_ride_flow_pending_to_completed" time="2.202" /><testcase classname="backend.tests.test_ride_flow.TestFullRideFlow" name="test_driver_can_accept_new_ride_after_completion" time="2.022" /><testcase classname="backend.tests.test_ride_flow.TestFullRideFlow" name="test_polling_returns_correct_data" time="3.677" /><testcase classname="backend.tests.test_ride_flow.TestRideStatusTransitions" name="test_valid_status_transitions" time="1.754" /><testcase classname="backend.tests.test_ride_flow.TestRideStatusTransitions" name="test_invalid_status_rejected" time="1.480" /></testsuite></testsuites>