<?xml version="1.0" encoding="utf-8"?><testsuites name="pytest tests"><testsuite name="pytest" errors="0" failures="0" skipped="0" tests="7" time="2.437" timestamp="2026-04-02T19:51:43.108360+00:00" hostname="agent-env-7c54b208-55bb-4974-8c28-5b64fcf55cc4"><testcase classname="backend.tests.test_vehicle_category_filter.TestVehicleCategoryFilter" name="test_create_car_ride" time="0.438" /><testcase classname="backend.tests.test_vehicle_category_filter.TestVehicleCategoryFilter" name="test_car_driver_sees_car_rides" time="0.482" /><testcase classname="backend.tests.test_vehicle_category_filter.TestVehicleCategoryFilter" name="test_moto_driver_does_not_see_car_rides" time="0.421" /><testcase classname="backend.tests.test_vehicle_category_filter.TestRideEstimate" name="test_car_estimate" time="0.115" /><testcase classname="backend.tests.test_vehicle_category_filter.TestRideEstimate" name="test_moto_estimate" time="0.110" /><testcase classname="backend.tests.test_vehicle_category_filter.TestRideEstimate" name="test_moto_cheaper_than_car" time="0.236" /><testcase classname="backend.tests.test_vehicle_category_filter.TestVehicleInfoUpdate" name="test_update_vehicle_with_category" time="0.572" /></testsuite></testsuites>