<?xml version="1.0" encoding="utf-8"?><testsuites name="pytest tests"><testsuite name="pytest" errors="0" failures="0" skipped="0" tests="14" time="2.156" timestamp="2026-04-03T14:23:37.681748+00:00" hostname="agent-env-7c54b208-55bb-4974-8c28-5b64fcf55cc4"><testcase classname="backend.tests.test_zone_pricing.TestZonePricingCar" name="test_very_short_distance_car" time="0.238" /><testcase classname="backend.tests.test_zone_pricing.TestZonePricingCar" name="test_short_distance_car" time="0.150" /><testcase classname="backend.tests.test_zone_pricing.TestZonePricingCar" name="test_medium_distance_car" time="0.129" /><testcase classname="backend.tests.test_zone_pricing.TestZonePricingCar" name="test_long_distance_car" time="0.118" /><testcase classname="backend.tests.test_zone_pricing.TestZonePricingCar" name="test_very_long_distance_car" time="0.101" /><testcase classname="backend.tests.test_zone_pricing.TestZonePricingMoto" name="test_very_short_distance_moto" time="0.122" /><testcase classname="backend.tests.test_zone_pricing.TestZonePricingMoto" name="test_short_distance_moto" time="0.103" /><testcase classname="backend.tests.test_zone_pricing.TestZonePricingMoto" name="test_medium_distance_moto" time="0.108" /><testcase classname="backend.tests.test_zone_pricing.TestZonePricingMoto" name="test_long_distance_moto" time="0.111" /><testcase classname="backend.tests.test_zone_pricing.TestZonePricingMoto" name="test_very_long_distance_moto" time="0.138" /><testcase classname="backend.tests.test_zone_pricing.TestMotoVsCarPricing" name="test_moto_cheaper_than_car_short" time="0.238" /><testcase classname="backend.tests.test_zone_pricing.TestMotoVsCarPricing" name="test_moto_cheaper_than_car_long" time="0.215" /><testcase classname="backend.tests.test_zone_pricing.TestAudioFilesAccessible" name="test_ride_alert_wav_accessible" time="0.099" /><testcase classname="backend.tests.test_zone_pricing.TestAudioFilesAccessible" name="test_passenger_alert_wav_accessible" time="0.112" /></testsuite></testsuites>